Watching for file changes with StatReloader
Watching for file changes with StatReloader
Invalid HTTP_HOST header: 'ec2-65-0-96-1.ap-south-1.compute.amazonaws.com:8000'. You may need to add 'ec2-65-0-96-1.ap-south-1.compute.amazonaws.com' to ALLOWED_HOSTS.
ERROR:django.security.DisallowedHost:Invalid HTTP_HOST header: 'ec2-65-0-96-1.ap-south-1.compute.amazonaws.com:8000'. You may need to add 'ec2-65-0-96-1.ap-south-1.compute.amazonaws.com' to ALLOWED_HOSTS.
Bad Request: /
WARNING:django.request:Bad Request: /
[02/Nov/2020 12:12:30] "GET / HTTP/1.1" 400 63807
Invalid HTTP_HOST header: 'ec2-65-0-96-1.ap-south-1.compute.amazonaws.com:8000'. You may need to add 'ec2-65-0-96-1.ap-south-1.compute.amazonaws.com' to ALLOWED_HOSTS.
ERROR:django.security.DisallowedHost:Invalid HTTP_HOST header: 'ec2-65-0-96-1.ap-south-1.compute.amazonaws.com:8000'. You may need to add 'ec2-65-0-96-1.ap-south-1.compute.amazonaws.com' to ALLOWED_HOSTS.
Bad Request: /favicon.ico
WARNING:django.request:Bad Request: /favicon.ico
[02/Nov/2020 12:12:31] "GET /favicon.ico HTTP/1.1" 400 63883
/home/ubuntu/Content-Moderation-System/ContentModerationSystem/ContentModerationSystem/settings.py changed, reloading.
INFO:django.utils.autoreload:/home/ubuntu/Content-Moderation-System/ContentModerationSystem/ContentModerationSystem/settings.py changed, reloading.
Performing system checks...

System check identified no issues (0 silenced).

You have 23 unapplied migration(s). Your project may not work properly until you apply the migrations for app(s): CMSApp, admin, auth, contenttypes, sessions.
Run 'python manage.py migrate' to apply them.
November 02, 2020 - 12:11:52
Django version 3.1.3, using settings 'ContentModerationSystem.settings'
Starting development server at http://0.0.0.0:8000/
Quit the server with CONTROL-C.
Watching for file changes with StatReloader
/home/ubuntu/Content-Moderation-System/ContentModerationSystem/ContentModerationSystem/settings.py changed, reloading.
INFO:django.utils.autoreload:/home/ubuntu/Content-Moderation-System/ContentModerationSystem/ContentModerationSystem/settings.py changed, reloading.
Performing system checks...

System check identified no issues (0 silenced).

You have 23 unapplied migration(s). Your project may not work properly until you apply the migrations for app(s): CMSApp, admin, auth, contenttypes, sessions.
Run 'python manage.py migrate' to apply them.
November 02, 2020 - 12:11:36
Django version 3.1.3, using settings 'ContentModerationSystem.settings'
Starting development server at http://0.0.0.0:8001/
Quit the server with CONTROL-C.
Watching for file changes with StatReloader
Watching for file changes with StatReloader
Not Found: /
WARNING:django.request:Not Found: /
[02/Nov/2020 12:13:37] "GET / HTTP/1.1" 404 2079
Not Found: /favicon.ico
WARNING:django.request:Not Found: /favicon.ico
[02/Nov/2020 12:13:38] "GET /favicon.ico HTTP/1.1" 404 2130
Not Found: /cms
WARNING:django.request:Not Found: /cms
[02/Nov/2020 12:13:41] "GET /cms HTTP/1.1" 404 2106
Not Found: /cms
WARNING:django.request:Not Found: /cms
[02/Nov/2020 12:14:00] "GET /cms HTTP/1.1" 404 2106
Not Found: /cms
WARNING:django.request:Not Found: /cms
[02/Nov/2020 12:14:01] "GET /cms HTTP/1.1" 404 2106
[02/Nov/2020 12:14:06] "GET /cms/login HTTP/1.1" 301 0
[02/Nov/2020 12:14:07] "GET /cms/login/ HTTP/1.1" 200 10520
[02/Nov/2020 12:14:07] "GET /static/CMSApp/js/base.js HTTP/1.1" 200 246
[02/Nov/2020 12:14:18] "GET /admin HTTP/1.1" 301 0
[02/Nov/2020 12:14:18] "GET /admin/ HTTP/1.1" 302 0
[02/Nov/2020 12:14:18] "GET /admin/login/?next=/admin/ HTTP/1.1" 200 2194
[02/Nov/2020 12:14:19] "GET /static/admin/css/base.css HTTP/1.1" 200 16307
[02/Nov/2020 12:14:19] "GET /static/admin/css/nav_sidebar.css HTTP/1.1" 200 2138
[02/Nov/2020 12:14:19] "GET /static/admin/css/login.css HTTP/1.1" 200 1185
[02/Nov/2020 12:14:19] "GET /static/admin/css/responsive.css HTTP/1.1" 200 18339
[02/Nov/2020 12:14:19] "GET /static/admin/js/nav_sidebar.js HTTP/1.1" 200 1360
[02/Nov/2020 12:14:19] "GET /static/admin/css/fonts.css HTTP/1.1" 200 423
[02/Nov/2020 12:14:19] "GET /static/admin/fonts/Roboto-Light-webfont.woff HTTP/1.1" 200 85692
[02/Nov/2020 12:14:19] "GET /static/admin/fonts/Roboto-Regular-webfont.woff HTTP/1.1" 200 85876
